<?xml version="1.0" encoding="UTF-8"?>
<!-- Generated by org.testng.reporters.JUnitReportReporter -->
<testsuite hostname="DESKTOP-K3RDRD4" failures="0" tests="1" name="org.testNG.Naju" time="0.012" errors="0" timestamp="2023-08-29T21:13:28 IST" skipped="0">
  <testcase classname="org.testNG.Naju" name="name" time="0.012"/>
</testsuite> <!-- org.testNG.Naju -->
