<?xml version="1.0" encoding="UTF-8"?>
<!-- Generated by org.testng.reporters.JUnitReportReporter -->
<testsuite hostname="DESKTOP-K3RDRD4" failures="0" tests="1" name="org.testng.SampleTestNG.Hello" time="0.017" errors="0" timestamp="2023-08-29T21:13:56 IST" skipped="0">
  <testcase classname="org.testng.SampleTestNG.Hello" name="get" time="0.017"/>
</testsuite> <!-- org.testng.SampleTestNG.Hello -->
