<?xml version="1.0" encoding="UTF-8"?>
<!-- Generated by org.testng.reporters.JUnitReportReporter -->
<testsuite hostname="DESKTOP-K3RDRD4" failures="0" tests="1" name="org.testNG.Naju" time="0.011" errors="0" timestamp="2023-08-08T00:35:01 IST" skipped="0">
  <testcase classname="org.testNG.Naju" name="name" time="0.011"/>
</testsuite> <!-- org.testNG.Naju -->
